<?xml version="1.0" encoding="utf-8"?><testsuites name="pytest tests"><testsuite name="pytest" errors="0" failures="0" skipped="0" tests="11" time="12.080" timestamp="2026-09-20T13:30:49.168042+00:00" hostname="agent-env-bee77e48-4ac4-4291-bdee-e86ba9853630"><testcase classname="tests.test_smoke_iteration10" name="test_health" time="0.750" /><testcase classname="tests.test_smoke_iteration10" name="test_login_all_demo_users[admin@fnbgroup.id]" time="1.190" /><testcase classname="tests.test_smoke_iteration10" name="test_login_all_demo_users[owner@fnbgroup.id]" time="1.034" /><testcase classname="tests.test_smoke_iteration10" name="test_login_all_demo_users[executive@fnbgroup.id]" time="0.992" /><testcase classname="tests.test_smoke_iteration10" name="test_login_all_demo_users[finance@fnbgroup.id]" time="1.003" /><testcase classname="tests.test_smoke_iteration10" name="test_login_all_demo_users[procurement@fnbgroup.id]" time="1.006" /><testcase classname="tests.test_smoke_iteration10" name="test_login_all_demo_users[cfs.manager@fnbgroup.id]" time="0.973" /><testcase classname="tests.test_smoke_iteration10" name="test_master_outlets" time="1.064" /><testcase classname="tests.test_smoke_iteration10" name="test_master_brands" time="0.166" /><testcase classname="tests.test_smoke_iteration10" name="test_master_bank_accounts" time="0.171" /><testcase classname="tests.test_smoke_iteration10" name="test_journal_entries" time="3.543" /></testsuite></testsuites>