<?xml version="1.0" encoding="utf-8"?><testsuites name="pytest tests"><testsuite name="pytest" errors="0" failures="0" skipped="1" tests="11" time="6.381" timestamp="2026-09-20T14:10:41.685324+00:00" hostname="agent-env-bee77e48-4ac4-4291-bdee-e86ba9853630"><testcase classname="tests.test_phase2a_fixes.TestC1GlobalSearch" name="test_search_kopi_returns_results" time="0.609" /><testcase classname="tests.test_phase2a_fixes.TestC1GlobalSearch" name="test_no_double_api_prefix" time="0.145" /><testcase classname="tests.test_phase2a_fixes.TestC2EndpointPaths" name="test_master_coa_returns_data" time="0.130" /><testcase classname="tests.test_phase2a_fixes.TestC2EndpointPaths" name="test_master_brands_returns_data" time="0.123" /><testcase classname="tests.test_phase2a_fixes.TestC2EndpointPaths" name="test_opname_detail_route" time="0.123"><skipped type="pytest.skip" message="No opname sessions to test detail">/app/backend/tests/test_phase2a_fixes.py:70: No opname sessions to test detail</skipped></testcase><testcase classname="tests.test_phase2a_fixes.TestA3DailySalesVoucher" name="test_daily_sales_with_voucher_validates" time="1.270" /><testcase classname="tests.test_phase2a_fixes.TestRegressionSmoke" name="test_health_or_login" time="0.000" /><testcase classname="tests.test_phase2a_fixes.TestRegressionSmoke" name="test_finance_journals_list" time="0.126" /><testcase classname="tests.test_phase2a_fixes.TestRegressionSmoke" name="test_procurement_pos_list" time="0.137" /><testcase classname="tests.test_phase2a_fixes.TestRegressionSmoke" name="test_ap_aging" time="0.136" /><testcase classname="tests.test_phase2a_fixes.TestRegressionSmoke" name="test_unpaid_grs" time="3.513" /></testsuite></testsuites>